  _____  _          __          _______ _____  
 |  __ \| |         \ \        / / ____|  __ \ 
 | |__) | |_   _  __ \ \  /\  / / |    | |__) |
 |  ___/| | | | |/ _` \ \/  \/ /| |    |  ___/ 
 | |    | | |_| | (_| |\  /\  / | |____| |     
 |_|    |_|\__,_|\__, | \/  \/   \_____|_|     
                  __/ |                        
                 |___/                         

Running regular scan
Full scan was not needed
Recalculating TT
Turn ON at 15:00:00 
Turn OFF at 17:00:00 
Turn ON at 23:00:00 
Turn OFF at 01:00:00 
Turn ON at 02:00:00 
Turn OFF at 06:00:00 
Turn ON at 23:00:00 
True
Running regular scan
Full scan was not needed
TT recalculation wasn't needed
Running regular scan
Full scan was not needed
TT recalculation wasn't needed
Running regular scan
Full scan was not needed
TT recalculation wasn't needed
Running regular scan
Full scan was not needed
TT recalculation wasn't needed
Running regular scan
Full scan was not needed
TT recalculation wasn't needed
